{"/mnt/52523660-50c6-49e4-a9bf-78cec8acb62e/react/goBarber/expo-gobarber/src/components/Button/index.tsx": {"path":"/mnt/52523660-50c6-49e4-a9bf-78cec8acb62e/react/goBarber/expo-gobarber/src/components/Button/index.tsx","statementMap":{"0":{"start":{"line":10,"column":53},"end":{"line":17,"column":1}},"1":{"start":{"line":12,"column":2},"end":{"line":16,"column":4}}},"fnMap":{"0":{"name":"(anonymous_0)","decl":{"start":{"line":10,"column":53},"end":{"line":10,"column":54}},"loc":{"start":{"line":10,"column":80},"end":{"line":17,"column":1}},"line":10}},"branchMap":{},"s":{"0":1,"1":1},"f":{"0":1},"b":{},"_coverageSchema":"1a1c01bbd47fc00a2c39e90264f33305004495a9","hash":"3658af13991edf3e1d15efb602fd8a357729b958"}
,"/mnt/52523660-50c6-49e4-a9bf-78cec8acb62e/react/goBarber/expo-gobarber/src/components/Input/index.tsx": {"path":"/mnt/52523660-50c6-49e4-a9bf-78cec8acb62e/react/goBarber/expo-gobarber/src/components/Input/index.tsx","statementMap":{"0":{"start":{"line":28,"column":66},"end":{"line":95,"column":1}},"1":{"start":{"line":32,"column":26},"end":{"line":32,"column":43}},"2":{"start":{"line":34,"column":65},"end":{"line":34,"column":79}},"3":{"start":{"line":35,"column":24},"end":{"line":35,"column":76}},"4":{"start":{"line":37,"column":36},"end":{"line":37,"column":51}},"5":{"start":{"line":38,"column":34},"end":{"line":38,"column":49}},"6":{"start":{"line":40,"column":27},"end":{"line":42,"column":8}},"7":{"start":{"line":41,"column":4},"end":{"line":41,"column":23}},"8":{"start":{"line":44,"column":26},"end":{"line":48,"column":8}},"9":{"start":{"line":45,"column":4},"end":{"line":45,"column":24}},"10":{"start":{"line":47,"column":4},"end":{"line":47,"column":47}},"11":{"start":{"line":50,"column":2},"end":{"line":54,"column":6}},"12":{"start":{"line":50,"column":34},"end":{"line":54,"column":3}},"13":{"start":{"line":52,"column":6},"end":{"line":52,"column":38}},"14":{"start":{"line":56,"column":2},"end":{"line":70,"column":33}},"15":{"start":{"line":57,"column":4},"end":{"line":69,"column":7}},"16":{"start":{"line":62,"column":8},"end":{"line":62,"column":44}},"17":{"start":{"line":63,"column":8},"end":{"line":63,"column":64}},"18":{"start":{"line":66,"column":8},"end":{"line":66,"column":41}},"19":{"start":{"line":67,"column":8},"end":{"line":67,"column":40}},"20":{"start":{"line":72,"column":2},"end":{"line":93,"column":4}},"21":{"start":{"line":88,"column":10},"end":{"line":88,"column":46}}},"fnMap":{"0":{"name":"(anonymous_0)","decl":{"start":{"line":28,"column":66},"end":{"line":28,"column":67}},"loc":{"start":{"line":31,"column":7},"end":{"line":95,"column":1}},"line":31},"1":{"name":"(anonymous_1)","decl":{"start":{"line":40,"column":39},"end":{"line":40,"column":40}},"loc":{"start":{"line":40,"column":45},"end":{"line":42,"column":3}},"line":40},"2":{"name":"(anonymous_2)","decl":{"start":{"line":44,"column":38},"end":{"line":44,"column":39}},"loc":{"start":{"line":44,"column":44},"end":{"line":48,"column":3}},"line":44},"3":{"name":"(anonymous_3)","decl":{"start":{"line":50,"column":27},"end":{"line":50,"column":28}},"loc":{"start":{"line":50,"column":34},"end":{"line":54,"column":3}},"line":50},"4":{"name":"(anonymous_4)","decl":{"start":{"line":51,"column":4},"end":{"line":51,"column":5}},"loc":{"start":{"line":51,"column":12},"end":{"line":53,"column":5}},"line":51},"5":{"name":"(anonymous_5)","decl":{"start":{"line":56,"column":12},"end":{"line":56,"column":13}},"loc":{"start":{"line":56,"column":18},"end":{"line":70,"column":3}},"line":56},"6":{"name":"(anonymous_6)","decl":{"start":{"line":61,"column":6},"end":{"line":61,"column":7}},"loc":{"start":{"line":61,"column":40},"end":{"line":64,"column":7}},"line":61},"7":{"name":"(anonymous_7)","decl":{"start":{"line":65,"column":6},"end":{"line":65,"column":7}},"loc":{"start":{"line":65,"column":19},"end":{"line":68,"column":7}},"line":65},"8":{"name":"(anonymous_8)","decl":{"start":{"line":87,"column":22},"end":{"line":87,"column":23}},"loc":{"start":{"line":87,"column":31},"end":{"line":89,"column":9}},"line":87}},"branchMap":{"0":{"loc":{"start":{"line":29,"column":16},"end":{"line":29,"column":35}},"type":"default-arg","locations":[{"start":{"line":29,"column":33},"end":{"line":29,"column":35}}],"line":29},"1":{"loc":{"start":{"line":34,"column":25},"end":{"line":34,"column":42}},"type":"default-arg","locations":[{"start":{"line":34,"column":40},"end":{"line":34,"column":42}}],"line":34},"2":{"loc":{"start":{"line":78,"column":41},"end":{"line":78,"column":84}},"type":"cond-expr","locations":[{"start":{"line":78,"column":65},"end":{"line":78,"column":74}},{"start":{"line":78,"column":75},"end":{"line":78,"column":84}}],"line":78},"3":{"loc":{"start":{"line":78,"column":41},"end":{"line":78,"column":62}},"type":"binary-expr","locations":[{"start":{"line":78,"column":41},"end":{"line":78,"column":50}},{"start":{"line":78,"column":54},"end":{"line":78,"column":62}}],"line":78}},"s":{"0":1,"1":2,"2":2,"3":2,"4":2,"5":2,"6":2,"7":0,"8":2,"9":0,"10":0,"11":2,"12":1,"13":0,"14":2,"15":2,"16":0,"17":0,"18":0,"19":0,"20":2,"21":0},"f":{"0":2,"1":0,"2":0,"3":1,"4":0,"5":2,"6":0,"7":0,"8":0},"b":{"0":[2],"1":[2],"2":[0,2],"3":[2,2]},"_coverageSchema":"1a1c01bbd47fc00a2c39e90264f33305004495a9","hash":"95907aafea1ec95d61a9ca466078d35526e5cdf9"}
,"/mnt/52523660-50c6-49e4-a9bf-78cec8acb62e/react/goBarber/expo-gobarber/src/components/Loading/index.tsx": {"path":"/mnt/52523660-50c6-49e4-a9bf-78cec8acb62e/react/goBarber/expo-gobarber/src/components/Loading/index.tsx","statementMap":{"0":{"start":{"line":4,"column":41},"end":{"line":8,"column":1}},"1":{"start":{"line":5,"column":2},"end":{"line":7,"column":9}}},"fnMap":{"0":{"name":"(anonymous_0)","decl":{"start":{"line":4,"column":41},"end":{"line":4,"column":42}},"loc":{"start":{"line":5,"column":2},"end":{"line":7,"column":9}},"line":5}},"branchMap":{},"s":{"0":0,"1":0},"f":{"0":0},"b":{}}
,"/mnt/52523660-50c6-49e4-a9bf-78cec8acb62e/react/goBarber/expo-gobarber/src/hooks/Auth.tsx": {"path":"/mnt/52523660-50c6-49e4-a9bf-78cec8acb62e/react/goBarber/expo-gobarber/src/hooks/Auth.tsx","statementMap":{"0":{"start":{"line":30,"column":20},"end":{"line":30,"column":73}},"1":{"start":{"line":32,"column":53},"end":{"line":96,"column":1}},"2":{"start":{"line":33,"column":26},"end":{"line":33,"column":62}},"3":{"start":{"line":34,"column":32},"end":{"line":34,"column":46}},"4":{"start":{"line":36,"column":2},"end":{"line":51,"column":9}},"5":{"start":{"line":38,"column":28},"end":{"line":38,"column":94}},"6":{"start":{"line":40,"column":6},"end":{"line":45,"column":7}},"7":{"start":{"line":41,"column":8},"end":{"line":41,"column":66}},"8":{"start":{"line":44,"column":8},"end":{"line":44,"column":64}},"9":{"start":{"line":47,"column":6},"end":{"line":47,"column":24}},"10":{"start":{"line":50,"column":4},"end":{"line":50,"column":23}},"11":{"start":{"line":53,"column":17},"end":{"line":69,"column":8}},"12":{"start":{"line":54,"column":21},"end":{"line":57,"column":6}},"13":{"start":{"line":59,"column":28},"end":{"line":59,"column":41}},"14":{"start":{"line":61,"column":4},"end":{"line":64,"column":7}},"15":{"start":{"line":66,"column":4},"end":{"line":66,"column":59}},"16":{"start":{"line":68,"column":4},"end":{"line":68,"column":29}},"17":{"start":{"line":71,"column":18},"end":{"line":75,"column":8}},"18":{"start":{"line":72,"column":4},"end":{"line":72,"column":74}},"19":{"start":{"line":74,"column":4},"end":{"line":74,"column":29}},"20":{"start":{"line":77,"column":21},"end":{"line":87,"column":3}},"21":{"start":{"line":79,"column":6},"end":{"line":79,"column":73}},"22":{"start":{"line":81,"column":6},"end":{"line":84,"column":9}},"23":{"start":{"line":89,"column":2},"end":{"line":95,"column":4}},"24":{"start":{"line":99,"column":18},"end":{"line":99,"column":41}},"25":{"start":{"line":101,"column":2},"end":{"line":103,"column":3}},"26":{"start":{"line":102,"column":4},"end":{"line":102,"column":67}},"27":{"start":{"line":105,"column":2},"end":{"line":105,"column":17}}},"fnMap":{"0":{"name":"(anonymous_0)","decl":{"start":{"line":32,"column":53},"end":{"line":32,"column":54}},"loc":{"start":{"line":32,"column":71},"end":{"line":96,"column":1}},"line":32},"1":{"name":"(anonymous_1)","decl":{"start":{"line":36,"column":12},"end":{"line":36,"column":13}},"loc":{"start":{"line":36,"column":18},"end":{"line":51,"column":3}},"line":36},"2":{"name":"loadStoragedData","decl":{"start":{"line":37,"column":19},"end":{"line":37,"column":35}},"loc":{"start":{"line":37,"column":53},"end":{"line":48,"column":5}},"line":37},"3":{"name":"(anonymous_3)","decl":{"start":{"line":53,"column":29},"end":{"line":53,"column":30}},"loc":{"start":{"line":53,"column":60},"end":{"line":69,"column":3}},"line":53},"4":{"name":"(anonymous_4)","decl":{"start":{"line":71,"column":30},"end":{"line":71,"column":31}},"loc":{"start":{"line":71,"column":42},"end":{"line":75,"column":3}},"line":71},"5":{"name":"(anonymous_5)","decl":{"start":{"line":78,"column":4},"end":{"line":78,"column":5}},"loc":{"start":{"line":78,"column":26},"end":{"line":85,"column":5}},"line":78},"6":{"name":"useAuth","decl":{"start":{"line":98,"column":16},"end":{"line":98,"column":23}},"loc":{"start":{"line":98,"column":43},"end":{"line":106,"column":1}},"line":98}},"branchMap":{"0":{"loc":{"start":{"line":40,"column":6},"end":{"line":45,"column":7}},"type":"if","locations":[{"start":{"line":40,"column":6},"end":{"line":45,"column":7}},{"start":{"line":40,"column":6},"end":{"line":45,"column":7}}],"line":40},"1":{"loc":{"start":{"line":40,"column":10},"end":{"line":40,"column":29}},"type":"binary-expr","locations":[{"start":{"line":40,"column":10},"end":{"line":40,"column":17}},{"start":{"line":40,"column":21},"end":{"line":40,"column":29}}],"line":40},"2":{"loc":{"start":{"line":101,"column":2},"end":{"line":103,"column":3}},"type":"if","locations":[{"start":{"line":101,"column":2},"end":{"line":103,"column":3}},{"start":{"line":101,"column":2},"end":{"line":103,"column":3}}],"line":101}},"s":{"0":1,"1":1,"2":0,"3":0,"4":0,"5":0,"6":0,"7":0,"8":0,"9":0,"10":0,"11":0,"12":0,"13":0,"14":0,"15":0,"16":0,"17":0,"18":0,"19":0,"20":0,"21":0,"22":0,"23":0,"24":1,"25":1,"26":0,"27":1},"f":{"0":0,"1":0,"2":0,"3":0,"4":0,"5":0,"6":1},"b":{"0":[0,0],"1":[0,0],"2":[0,1]},"_coverageSchema":"1a1c01bbd47fc00a2c39e90264f33305004495a9","hash":"03ff35cbee1c95d788b1bcc03f6cba165bb46f53"}
,"/mnt/52523660-50c6-49e4-a9bf-78cec8acb62e/react/goBarber/expo-gobarber/src/pages/AppointmentCreated/index.tsx": {"path":"/mnt/52523660-50c6-49e4-a9bf-78cec8acb62e/react/goBarber/expo-gobarber/src/pages/AppointmentCreated/index.tsx","statementMap":{"0":{"start":{"line":19,"column":52},"end":{"line":50,"column":1}},"1":{"start":{"line":20,"column":21},"end":{"line":20,"column":36}},"2":{"start":{"line":21,"column":21},"end":{"line":21,"column":31}},"3":{"start":{"line":23,"column":22},"end":{"line":23,"column":43}},"4":{"start":{"line":25,"column":26},"end":{"line":30,"column":24}},"5":{"start":{"line":26,"column":4},"end":{"line":29,"column":7}},"6":{"start":{"line":32,"column":24},"end":{"line":37,"column":24}},"7":{"start":{"line":33,"column":4},"end":{"line":36,"column":24}},"8":{"start":{"line":39,"column":2},"end":{"line":49,"column":4}}},"fnMap":{"0":{"name":"(anonymous_0)","decl":{"start":{"line":19,"column":52},"end":{"line":19,"column":53}},"loc":{"start":{"line":19,"column":58},"end":{"line":50,"column":1}},"line":19},"1":{"name":"(anonymous_1)","decl":{"start":{"line":25,"column":38},"end":{"line":25,"column":39}},"loc":{"start":{"line":25,"column":44},"end":{"line":30,"column":3}},"line":25},"2":{"name":"(anonymous_2)","decl":{"start":{"line":32,"column":32},"end":{"line":32,"column":33}},"loc":{"start":{"line":32,"column":38},"end":{"line":37,"column":3}},"line":32}},"branchMap":{},"s":{"0":0,"1":0,"2":0,"3":0,"4":0,"5":0,"6":0,"7":0,"8":0},"f":{"0":0,"1":0,"2":0},"b":{}}
,"/mnt/52523660-50c6-49e4-a9bf-78cec8acb62e/react/goBarber/expo-gobarber/src/pages/CreateAppointment/index.tsx": {"path":"/mnt/52523660-50c6-49e4-a9bf-78cec8acb62e/react/goBarber/expo-gobarber/src/pages/CreateAppointment/index.tsx","statementMap":{"0":{"start":{"line":51,"column":51},"end":{"line":270,"column":1}},"1":{"start":{"line":52,"column":19},"end":{"line":52,"column":28}},"2":{"start":{"line":53,"column":16},"end":{"line":53,"column":26}},"3":{"start":{"line":54,"column":22},"end":{"line":54,"column":49}},"4":{"start":{"line":56,"column":42},"end":{"line":56,"column":54}},"5":{"start":{"line":57,"column":42},"end":{"line":57,"column":74}},"6":{"start":{"line":58,"column":46},"end":{"line":58,"column":61}},"7":{"start":{"line":59,"column":42},"end":{"line":59,"column":62}},"8":{"start":{"line":60,"column":42},"end":{"line":60,"column":53}},"9":{"start":{"line":61,"column":36},"end":{"line":61,"column":60}},"10":{"start":{"line":62,"column":50},"end":{"line":64,"column":3}},"11":{"start":{"line":66,"column":21},"end":{"line":66,"column":36}},"12":{"start":{"line":68,"column":2},"end":{"line":75,"column":9}},"13":{"start":{"line":69,"column":4},"end":{"line":69,"column":2123}},"14":{"start":{"line":71,"column":4},"end":{"line":74,"column":9}},"15":{"start":{"line":73,"column":8},"end":{"line":73,"column":36}},"16":{"start":{"line":77,"column":2},"end":{"line":88,"column":39}},"17":{"start":{"line":78,"column":4},"end":{"line":87,"column":7}},"18":{"start":{"line":86,"column":6},"end":{"line":86,"column":37}},"19":{"start":{"line":90,"column":27},"end":{"line":92,"column":18}},"20":{"start":{"line":91,"column":4},"end":{"line":91,"column":24}},"21":{"start":{"line":94,"column":31},"end":{"line":96,"column":8}},"22":{"start":{"line":95,"column":4},"end":{"line":95,"column":37}},"23":{"start":{"line":98,"column":33},"end":{"line":100,"column":8}},"24":{"start":{"line":99,"column":4},"end":{"line":99,"column":41}},"25":{"start":{"line":99,"column":33},"end":{"line":99,"column":39}},"26":{"start":{"line":102,"column":28},"end":{"line":110,"column":8}},"27":{"start":{"line":103,"column":4},"end":{"line":105,"column":5}},"28":{"start":{"line":104,"column":6},"end":{"line":104,"column":31}},"29":{"start":{"line":107,"column":4},"end":{"line":109,"column":5}},"30":{"start":{"line":108,"column":6},"end":{"line":108,"column":28}},"31":{"start":{"line":112,"column":27},"end":{"line":114,"column":8}},"32":{"start":{"line":113,"column":4},"end":{"line":113,"column":26}},"33":{"start":{"line":116,"column":34},"end":{"line":135,"column":52}},"34":{"start":{"line":117,"column":4},"end":{"line":134,"column":5}},"35":{"start":{"line":118,"column":19},"end":{"line":118,"column":41}},"36":{"start":{"line":120,"column":6},"end":{"line":120,"column":34}},"37":{"start":{"line":121,"column":6},"end":{"line":121,"column":25}},"38":{"start":{"line":123,"column":6},"end":{"line":126,"column":9}},"39":{"start":{"line":128,"column":6},"end":{"line":128,"column":73}},"40":{"start":{"line":130,"column":6},"end":{"line":133,"column":8}},"41":{"start":{"line":137,"column":30},"end":{"line":147,"column":20}},"42":{"start":{"line":138,"column":4},"end":{"line":146,"column":8}},"43":{"start":{"line":139,"column":28},"end":{"line":139,"column":37}},"44":{"start":{"line":141,"column":8},"end":{"line":145,"column":9}},"45":{"start":{"line":149,"column":32},"end":{"line":159,"column":20}},"46":{"start":{"line":150,"column":4},"end":{"line":158,"column":8}},"47":{"start":{"line":151,"column":28},"end":{"line":151,"column":38}},"48":{"start":{"line":153,"column":8},"end":{"line":157,"column":9}},"49":{"start":{"line":161,"column":2},"end":{"line":269,"column":4}},"50":{"start":{"line":180,"column":38},"end":{"line":180,"column":49}},"51":{"start":{"line":182,"column":14},"end":{"line":193,"column":34}},"52":{"start":{"line":183,"column":31},"end":{"line":183,"column":60}},"53":{"start":{"line":224,"column":16},"end":{"line":236,"column":23}},"54":{"start":{"line":229,"column":33},"end":{"line":229,"column":55}},"55":{"start":{"line":246,"column":16},"end":{"line":258,"column":23}},"56":{"start":{"line":251,"column":33},"end":{"line":251,"column":55}}},"fnMap":{"0":{"name":"(anonymous_0)","decl":{"start":{"line":51,"column":51},"end":{"line":51,"column":52}},"loc":{"start":{"line":51,"column":57},"end":{"line":270,"column":1}},"line":51},"1":{"name":"(anonymous_1)","decl":{"start":{"line":68,"column":12},"end":{"line":68,"column":13}},"loc":{"start":{"line":68,"column":18},"end":{"line":75,"column":3}},"line":68},"2":{"name":"(anonymous_2)","decl":{"start":{"line":72,"column":12},"end":{"line":72,"column":13}},"loc":{"start":{"line":72,"column":24},"end":{"line":74,"column":7}},"line":72},"3":{"name":"(anonymous_3)","decl":{"start":{"line":77,"column":12},"end":{"line":77,"column":13}},"loc":{"start":{"line":77,"column":18},"end":{"line":88,"column":3}},"line":77},"4":{"name":"(anonymous_4)","decl":{"start":{"line":85,"column":10},"end":{"line":85,"column":11}},"loc":{"start":{"line":85,"column":22},"end":{"line":87,"column":5}},"line":85},"5":{"name":"(anonymous_5)","decl":{"start":{"line":90,"column":39},"end":{"line":90,"column":40}},"loc":{"start":{"line":90,"column":45},"end":{"line":92,"column":3}},"line":90},"6":{"name":"(anonymous_6)","decl":{"start":{"line":94,"column":43},"end":{"line":94,"column":44}},"loc":{"start":{"line":94,"column":68},"end":{"line":96,"column":3}},"line":94},"7":{"name":"(anonymous_7)","decl":{"start":{"line":98,"column":45},"end":{"line":98,"column":46}},"loc":{"start":{"line":98,"column":51},"end":{"line":100,"column":3}},"line":98},"8":{"name":"(anonymous_8)","decl":{"start":{"line":99,"column":22},"end":{"line":99,"column":23}},"loc":{"start":{"line":99,"column":33},"end":{"line":99,"column":39}},"line":99},"9":{"name":"(anonymous_9)","decl":{"start":{"line":102,"column":40},"end":{"line":102,"column":41}},"loc":{"start":{"line":102,"column":80},"end":{"line":110,"column":3}},"line":102},"10":{"name":"(anonymous_10)","decl":{"start":{"line":112,"column":39},"end":{"line":112,"column":40}},"loc":{"start":{"line":112,"column":57},"end":{"line":114,"column":3}},"line":112},"11":{"name":"(anonymous_11)","decl":{"start":{"line":116,"column":46},"end":{"line":116,"column":47}},"loc":{"start":{"line":116,"column":58},"end":{"line":135,"column":3}},"line":116},"12":{"name":"(anonymous_12)","decl":{"start":{"line":137,"column":38},"end":{"line":137,"column":39}},"loc":{"start":{"line":137,"column":44},"end":{"line":147,"column":3}},"line":137},"13":{"name":"(anonymous_13)","decl":{"start":{"line":139,"column":14},"end":{"line":139,"column":15}},"loc":{"start":{"line":139,"column":28},"end":{"line":139,"column":37}},"line":139},"14":{"name":"(anonymous_14)","decl":{"start":{"line":140,"column":11},"end":{"line":140,"column":12}},"loc":{"start":{"line":140,"column":36},"end":{"line":146,"column":7}},"line":140},"15":{"name":"(anonymous_15)","decl":{"start":{"line":149,"column":40},"end":{"line":149,"column":41}},"loc":{"start":{"line":149,"column":46},"end":{"line":159,"column":3}},"line":149},"16":{"name":"(anonymous_16)","decl":{"start":{"line":151,"column":14},"end":{"line":151,"column":15}},"loc":{"start":{"line":151,"column":28},"end":{"line":151,"column":38}},"line":151},"17":{"name":"(anonymous_17)","decl":{"start":{"line":152,"column":11},"end":{"line":152,"column":12}},"loc":{"start":{"line":152,"column":36},"end":{"line":158,"column":7}},"line":152},"18":{"name":"(anonymous_18)","decl":{"start":{"line":180,"column":26},"end":{"line":180,"column":27}},"loc":{"start":{"line":180,"column":38},"end":{"line":180,"column":49}},"line":180},"19":{"name":"(anonymous_19)","decl":{"start":{"line":181,"column":24},"end":{"line":181,"column":25}},"loc":{"start":{"line":182,"column":14},"end":{"line":193,"column":34}},"line":182},"20":{"name":"(anonymous_20)","decl":{"start":{"line":183,"column":25},"end":{"line":183,"column":26}},"loc":{"start":{"line":183,"column":31},"end":{"line":183,"column":60}},"line":183},"21":{"name":"(anonymous_21)","decl":{"start":{"line":223,"column":39},"end":{"line":223,"column":40}},"loc":{"start":{"line":224,"column":16},"end":{"line":236,"column":23}},"line":224},"22":{"name":"(anonymous_22)","decl":{"start":{"line":229,"column":27},"end":{"line":229,"column":28}},"loc":{"start":{"line":229,"column":33},"end":{"line":229,"column":55}},"line":229},"23":{"name":"(anonymous_23)","decl":{"start":{"line":245,"column":41},"end":{"line":245,"column":42}},"loc":{"start":{"line":246,"column":16},"end":{"line":258,"column":23}},"line":246},"24":{"name":"(anonymous_24)","decl":{"start":{"line":251,"column":27},"end":{"line":251,"column":28}},"loc":{"start":{"line":251,"column":33},"end":{"line":251,"column":55}},"line":251}},"branchMap":{"0":{"loc":{"start":{"line":103,"column":4},"end":{"line":105,"column":5}},"type":"if","locations":[{"start":{"line":103,"column":4},"end":{"line":105,"column":5}},{"start":{"line":103,"column":4},"end":{"line":105,"column":5}}],"line":103},"1":{"loc":{"start":{"line":107,"column":4},"end":{"line":109,"column":5}},"type":"if","locations":[{"start":{"line":107,"column":4},"end":{"line":109,"column":5}},{"start":{"line":107,"column":4},"end":{"line":109,"column":5}}],"line":107},"2":{"loc":{"start":{"line":186,"column":47},"end":{"line":186,"column":95}},"type":"cond-expr","locations":[{"start":{"line":186,"column":65},"end":{"line":186,"column":80}},{"start":{"line":186,"column":83},"end":{"line":186,"column":95}}],"line":186},"3":{"loc":{"start":{"line":205,"column":11},"end":{"line":213,"column":11}},"type":"binary-expr","locations":[{"start":{"line":205,"column":11},"end":{"line":205,"column":25}},{"start":{"line":206,"column":12},"end":{"line":212,"column":14}}],"line":205}},"s":{"0":0,"1":0,"2":0,"3":0,"4":0,"5":0,"6":0,"7":0,"8":0,"9":0,"10":0,"11":0,"12":0,"13":0,"14":0,"15":0,"16":0,"17":0,"18":0,"19":0,"20":0,"21":0,"22":0,"23":0,"24":0,"25":0,"26":0,"27":0,"28":0,"29":0,"30":0,"31":0,"32":0,"33":0,"34":0,"35":0,"36":0,"37":0,"38":0,"39":0,"40":0,"41":0,"42":0,"43":0,"44":0,"45":0,"46":0,"47":0,"48":0,"49":0,"50":0,"51":0,"52":0,"53":0,"54":0,"55":0,"56":0},"f":{"0":0,"1":0,"2":0,"3":0,"4":0,"5":0,"6":0,"7":0,"8":0,"9":0,"10":0,"11":0,"12":0,"13":0,"14":0,"15":0,"16":0,"17":0,"18":0,"19":0,"20":0,"21":0,"22":0,"23":0,"24":0},"b":{"0":[0,0],"1":[0,0],"2":[0,0],"3":[0,0]}}
,"/mnt/52523660-50c6-49e4-a9bf-78cec8acb62e/react/goBarber/expo-gobarber/src/pages/Dashboard/index.tsx": {"path":"/mnt/52523660-50c6-49e4-a9bf-78cec8acb62e/react/goBarber/expo-gobarber/src/pages/Dashboard/index.tsx","statementMap":{"0":{"start":{"line":31,"column":43},"end":{"line":101,"column":1}},"1":{"start":{"line":32,"column":36},"end":{"line":32,"column":60}},"2":{"start":{"line":34,"column":23},"end":{"line":34,"column":2124}},"3":{"start":{"line":36,"column":28},"end":{"line":36,"column":37}},"4":{"start":{"line":37,"column":21},"end":{"line":37,"column":36}},"5":{"start":{"line":39,"column":2},"end":{"line":46,"column":9}},"6":{"start":{"line":40,"column":4},"end":{"line":43,"column":9}},"7":{"start":{"line":42,"column":8},"end":{"line":42,"column":36}},"8":{"start":{"line":48,"column":28},"end":{"line":50,"column":27}},"9":{"start":{"line":49,"column":4},"end":{"line":49,"column":35}},"10":{"start":{"line":52,"column":38},"end":{"line":54,"column":27}},"11":{"start":{"line":53,"column":4},"end":{"line":53,"column":62}},"12":{"start":{"line":56,"column":2},"end":{"line":100,"column":4}},"13":{"start":{"line":75,"column":34},"end":{"line":75,"column":45}},"14":{"start":{"line":80,"column":10},"end":{"line":95,"column":30}},"15":{"start":{"line":80,"column":44},"end":{"line":80,"column":80}}},"fnMap":{"0":{"name":"(anonymous_0)","decl":{"start":{"line":31,"column":43},"end":{"line":31,"column":44}},"loc":{"start":{"line":31,"column":49},"end":{"line":101,"column":1}},"line":31},"1":{"name":"(anonymous_1)","decl":{"start":{"line":39,"column":12},"end":{"line":39,"column":13}},"loc":{"start":{"line":39,"column":18},"end":{"line":46,"column":3}},"line":39},"2":{"name":"(anonymous_2)","decl":{"start":{"line":41,"column":12},"end":{"line":41,"column":13}},"loc":{"start":{"line":41,"column":24},"end":{"line":43,"column":7}},"line":41},"3":{"name":"(anonymous_3)","decl":{"start":{"line":48,"column":40},"end":{"line":48,"column":41}},"loc":{"start":{"line":48,"column":46},"end":{"line":50,"column":3}},"line":48},"4":{"name":"(anonymous_4)","decl":{"start":{"line":52,"column":50},"end":{"line":52,"column":51}},"loc":{"start":{"line":52,"column":75},"end":{"line":54,"column":3}},"line":52},"5":{"name":"(anonymous_5)","decl":{"start":{"line":75,"column":22},"end":{"line":75,"column":23}},"loc":{"start":{"line":75,"column":34},"end":{"line":75,"column":45}},"line":75},"6":{"name":"(anonymous_6)","decl":{"start":{"line":79,"column":20},"end":{"line":79,"column":21}},"loc":{"start":{"line":80,"column":10},"end":{"line":95,"column":30}},"line":80},"7":{"name":"(anonymous_7)","decl":{"start":{"line":80,"column":38},"end":{"line":80,"column":39}},"loc":{"start":{"line":80,"column":44},"end":{"line":80,"column":80}},"line":80}},"branchMap":{"0":{"loc":{"start":{"line":69,"column":37},"end":{"line":69,"column":85}},"type":"cond-expr","locations":[{"start":{"line":69,"column":55},"end":{"line":69,"column":70}},{"start":{"line":69,"column":73},"end":{"line":69,"column":85}}],"line":69},"1":{"loc":{"start":{"line":81,"column":43},"end":{"line":81,"column":91}},"type":"cond-expr","locations":[{"start":{"line":81,"column":61},"end":{"line":81,"column":76}},{"start":{"line":81,"column":79},"end":{"line":81,"column":91}}],"line":81}},"s":{"0":0,"1":0,"2":0,"3":0,"4":0,"5":0,"6":0,"7":0,"8":0,"9":0,"10":0,"11":0,"12":0,"13":0,"14":0,"15":0},"f":{"0":0,"1":0,"2":0,"3":0,"4":0,"5":0,"6":0,"7":0},"b":{"0":[0,0],"1":[0,0]}}
,"/mnt/52523660-50c6-49e4-a9bf-78cec8acb62e/react/goBarber/expo-gobarber/src/pages/Profile/index.tsx": {"path":"/mnt/52523660-50c6-49e4-a9bf-78cec8acb62e/react/goBarber/expo-gobarber/src/pages/Profile/index.tsx","statementMap":{"0":{"start":{"line":41,"column":41},"end":{"line":279,"column":1}},"1":{"start":{"line":42,"column":31},"end":{"line":42,"column":40}},"2":{"start":{"line":44,"column":18},"end":{"line":44,"column":43}},"3":{"start":{"line":45,"column":24},"end":{"line":45,"column":47}},"4":{"start":{"line":46,"column":30},"end":{"line":46,"column":53}},"5":{"start":{"line":47,"column":27},"end":{"line":47,"column":50}},"6":{"start":{"line":48,"column":34},"end":{"line":48,"column":57}},"7":{"start":{"line":50,"column":42},"end":{"line":50,"column":57}},"8":{"start":{"line":52,"column":23},"end":{"line":52,"column":2124}},"9":{"start":{"line":54,"column":21},"end":{"line":54,"column":36}},"10":{"start":{"line":56,"column":2},"end":{"line":58,"column":9}},"11":{"start":{"line":57,"column":4},"end":{"line":57,"column":50}},"12":{"start":{"line":57,"column":21},"end":{"line":57,"column":42}},"13":{"start":{"line":60,"column":23},"end":{"line":132,"column":3}},"14":{"start":{"line":62,"column":6},"end":{"line":129,"column":7}},"15":{"start":{"line":63,"column":8},"end":{"line":63,"column":39}},"16":{"start":{"line":64,"column":23},"end":{"line":82,"column":10}},"17":{"start":{"line":71,"column":25},"end":{"line":71,"column":37}},"18":{"start":{"line":77,"column":27},"end":{"line":77,"column":39}},"19":{"start":{"line":84,"column":8},"end":{"line":86,"column":11}},"20":{"start":{"line":94,"column":12},"end":{"line":94,"column":16}},"21":{"start":{"line":96,"column":25},"end":{"line":106,"column":9}},"22":{"start":{"line":108,"column":25},"end":{"line":108,"column":60}},"23":{"start":{"line":110,"column":8},"end":{"line":110,"column":34}},"24":{"start":{"line":112,"column":8},"end":{"line":114,"column":10}},"25":{"start":{"line":116,"column":8},"end":{"line":116,"column":28}},"26":{"start":{"line":118,"column":8},"end":{"line":122,"column":9}},"27":{"start":{"line":119,"column":25},"end":{"line":119,"column":51}},"28":{"start":{"line":121,"column":10},"end":{"line":121,"column":45}},"29":{"start":{"line":124,"column":8},"end":{"line":127,"column":10}},"30":{"start":{"line":134,"column":29},"end":{"line":163,"column":27}},"31":{"start":{"line":135,"column":29},"end":{"line":135,"column":82}},"32":{"start":{"line":137,"column":4},"end":{"line":140,"column":5}},"33":{"start":{"line":138,"column":6},"end":{"line":138,"column":75}},"34":{"start":{"line":139,"column":6},"end":{"line":139,"column":13}},"35":{"start":{"line":142,"column":25},"end":{"line":142,"column":68}},"36":{"start":{"line":144,"column":4},"end":{"line":144,"column":27}},"37":{"start":{"line":146,"column":4},"end":{"line":148,"column":5}},"38":{"start":{"line":147,"column":6},"end":{"line":147,"column":13}},"39":{"start":{"line":150,"column":17},"end":{"line":150,"column":31}},"40":{"start":{"line":152,"column":4},"end":{"line":156,"column":7}},"41":{"start":{"line":158,"column":21},"end":{"line":158,"column":59}},"42":{"start":{"line":160,"column":4},"end":{"line":160,"column":30}},"43":{"start":{"line":162,"column":4},"end":{"line":162,"column":26}},"44":{"start":{"line":165,"column":21},"end":{"line":167,"column":18}},"45":{"start":{"line":166,"column":4},"end":{"line":166,"column":24}},"46":{"start":{"line":169,"column":2},"end":{"line":278,"column":4}},"47":{"start":{"line":177,"column":10},"end":{"line":177,"column":29}},"48":{"start":{"line":212,"column":16},"end":{"line":212,"column":47}},"49":{"start":{"line":224,"column":16},"end":{"line":224,"column":53}},"50":{"start":{"line":235,"column":16},"end":{"line":235,"column":50}},"51":{"start":{"line":249,"column":16},"end":{"line":249,"column":57}},"52":{"start":{"line":262,"column":16},"end":{"line":262,"column":46}},"53":{"start":{"line":271,"column":27},"end":{"line":271,"column":56}}},"fnMap":{"0":{"name":"(anonymous_0)","decl":{"start":{"line":41,"column":41},"end":{"line":41,"column":42}},"loc":{"start":{"line":41,"column":47},"end":{"line":279,"column":1}},"line":41},"1":{"name":"(anonymous_1)","decl":{"start":{"line":56,"column":12},"end":{"line":56,"column":13}},"loc":{"start":{"line":56,"column":18},"end":{"line":58,"column":3}},"line":56},"2":{"name":"(anonymous_2)","decl":{"start":{"line":57,"column":15},"end":{"line":57,"column":16}},"loc":{"start":{"line":57,"column":21},"end":{"line":57,"column":42}},"line":57},"3":{"name":"(anonymous_3)","decl":{"start":{"line":61,"column":4},"end":{"line":61,"column":5}},"loc":{"start":{"line":61,"column":37},"end":{"line":130,"column":5}},"line":61},"4":{"name":"(anonymous_4)","decl":{"start":{"line":71,"column":16},"end":{"line":71,"column":17}},"loc":{"start":{"line":71,"column":25},"end":{"line":71,"column":37}},"line":71},"5":{"name":"(anonymous_5)","decl":{"start":{"line":77,"column":18},"end":{"line":77,"column":19}},"loc":{"start":{"line":77,"column":27},"end":{"line":77,"column":39}},"line":77},"6":{"name":"(anonymous_6)","decl":{"start":{"line":134,"column":41},"end":{"line":134,"column":42}},"loc":{"start":{"line":134,"column":53},"end":{"line":163,"column":3}},"line":134},"7":{"name":"(anonymous_7)","decl":{"start":{"line":165,"column":33},"end":{"line":165,"column":34}},"loc":{"start":{"line":165,"column":39},"end":{"line":167,"column":3}},"line":165},"8":{"name":"(anonymous_8)","decl":{"start":{"line":176,"column":17},"end":{"line":176,"column":18}},"loc":{"start":{"line":176,"column":23},"end":{"line":178,"column":9}},"line":176},"9":{"name":"(anonymous_9)","decl":{"start":{"line":211,"column":31},"end":{"line":211,"column":32}},"loc":{"start":{"line":211,"column":37},"end":{"line":213,"column":15}},"line":211},"10":{"name":"(anonymous_10)","decl":{"start":{"line":223,"column":31},"end":{"line":223,"column":32}},"loc":{"start":{"line":223,"column":37},"end":{"line":225,"column":15}},"line":223},"11":{"name":"(anonymous_11)","decl":{"start":{"line":234,"column":31},"end":{"line":234,"column":32}},"loc":{"start":{"line":234,"column":37},"end":{"line":236,"column":15}},"line":234},"12":{"name":"(anonymous_12)","decl":{"start":{"line":248,"column":31},"end":{"line":248,"column":32}},"loc":{"start":{"line":248,"column":37},"end":{"line":250,"column":15}},"line":248},"13":{"name":"(anonymous_13)","decl":{"start":{"line":261,"column":31},"end":{"line":261,"column":32}},"loc":{"start":{"line":261,"column":37},"end":{"line":263,"column":15}},"line":261},"14":{"name":"(anonymous_14)","decl":{"start":{"line":271,"column":21},"end":{"line":271,"column":22}},"loc":{"start":{"line":271,"column":27},"end":{"line":271,"column":56}},"line":271}},"branchMap":{"0":{"loc":{"start":{"line":99,"column":14},"end":{"line":105,"column":16}},"type":"cond-expr","locations":[{"start":{"line":100,"column":14},"end":{"line":104,"column":15}},{"start":{"line":105,"column":14},"end":{"line":105,"column":16}}],"line":99},"1":{"loc":{"start":{"line":118,"column":8},"end":{"line":122,"column":9}},"type":"if","locations":[{"start":{"line":118,"column":8},"end":{"line":122,"column":9}},{"start":{"line":118,"column":8},"end":{"line":122,"column":9}}],"line":118},"2":{"loc":{"start":{"line":137,"column":4},"end":{"line":140,"column":5}},"type":"if","locations":[{"start":{"line":137,"column":4},"end":{"line":140,"column":5}},{"start":{"line":137,"column":4},"end":{"line":140,"column":5}}],"line":137},"3":{"loc":{"start":{"line":146,"column":4},"end":{"line":148,"column":5}},"type":"if","locations":[{"start":{"line":146,"column":4},"end":{"line":148,"column":5}},{"start":{"line":146,"column":4},"end":{"line":148,"column":5}}],"line":146},"4":{"loc":{"start":{"line":171,"column":16},"end":{"line":171,"column":61}},"type":"cond-expr","locations":[{"start":{"line":171,"column":40},"end":{"line":171,"column":49}},{"start":{"line":171,"column":52},"end":{"line":171,"column":61}}],"line":171},"5":{"loc":{"start":{"line":187,"column":13},"end":{"line":194,"column":53}},"type":"cond-expr","locations":[{"start":{"line":189,"column":16},"end":{"line":192,"column":19}},{"start":{"line":194,"column":14},"end":{"line":194,"column":53}}],"line":187},"6":{"loc":{"start":{"line":190,"column":45},"end":{"line":190,"column":93}},"type":"cond-expr","locations":[{"start":{"line":190,"column":63},"end":{"line":190,"column":78}},{"start":{"line":190,"column":81},"end":{"line":190,"column":93}}],"line":190}},"s":{"0":0,"1":0,"2":0,"3":0,"4":0,"5":0,"6":0,"7":0,"8":0,"9":0,"10":0,"11":0,"12":0,"13":0,"14":0,"15":0,"16":0,"17":0,"18":0,"19":0,"20":0,"21":0,"22":0,"23":0,"24":0,"25":0,"26":0,"27":0,"28":0,"29":0,"30":0,"31":0,"32":0,"33":0,"34":0,"35":0,"36":0,"37":0,"38":0,"39":0,"40":0,"41":0,"42":0,"43":0,"44":0,"45":0,"46":0,"47":0,"48":0,"49":0,"50":0,"51":0,"52":0,"53":0},"f":{"0":0,"1":0,"2":0,"3":0,"4":0,"5":0,"6":0,"7":0,"8":0,"9":0,"10":0,"11":0,"12":0,"13":0,"14":0},"b":{"0":[0,0],"1":[0,0],"2":[0,0],"3":[0,0],"4":[0,0],"5":[0,0],"6":[0,0]}}
,"/mnt/52523660-50c6-49e4-a9bf-78cec8acb62e/react/goBarber/expo-gobarber/src/pages/SignIn/index.tsx": {"path":"/mnt/52523660-50c6-49e4-a9bf-78cec8acb62e/react/goBarber/expo-gobarber/src/pages/SignIn/index.tsx","statementMap":{"0":{"start":{"line":37,"column":40},"end":{"line":144,"column":1}},"1":{"start":{"line":38,"column":18},"end":{"line":38,"column":43}},"2":{"start":{"line":39,"column":27},"end":{"line":39,"column":50}},"3":{"start":{"line":40,"column":21},"end":{"line":40,"column":36}},"4":{"start":{"line":42,"column":21},"end":{"line":42,"column":30}},"5":{"start":{"line":44,"column":23},"end":{"line":77,"column":8}},"6":{"start":{"line":45,"column":4},"end":{"line":76,"column":5}},"7":{"start":{"line":46,"column":6},"end":{"line":46,"column":37}},"8":{"start":{"line":48,"column":21},"end":{"line":53,"column":8}},"9":{"start":{"line":55,"column":6},"end":{"line":57,"column":9}},"10":{"start":{"line":59,"column":6},"end":{"line":62,"column":9}},"11":{"start":{"line":64,"column":6},"end":{"line":70,"column":7}},"12":{"start":{"line":65,"column":23},"end":{"line":65,"column":50}},"13":{"start":{"line":67,"column":8},"end":{"line":67,"column":43}},"14":{"start":{"line":69,"column":8},"end":{"line":69,"column":15}},"15":{"start":{"line":72,"column":6},"end":{"line":75,"column":8}},"16":{"start":{"line":79,"column":2},"end":{"line":143,"column":4}},"17":{"start":{"line":87,"column":10},"end":{"line":87,"column":29}},"18":{"start":{"line":107,"column":16},"end":{"line":107,"column":50}},"19":{"start":{"line":118,"column":16},"end":{"line":118,"column":46}},"20":{"start":{"line":124,"column":12},"end":{"line":124,"column":42}},"21":{"start":{"line":133,"column":48},"end":{"line":133,"column":77}}},"fnMap":{"0":{"name":"(anonymous_0)","decl":{"start":{"line":37,"column":40},"end":{"line":37,"column":41}},"loc":{"start":{"line":37,"column":46},"end":{"line":144,"column":1}},"line":37},"1":{"name":"(anonymous_1)","decl":{"start":{"line":44,"column":35},"end":{"line":44,"column":36}},"loc":{"start":{"line":44,"column":67},"end":{"line":77,"column":3}},"line":44},"2":{"name":"(anonymous_2)","decl":{"start":{"line":86,"column":17},"end":{"line":86,"column":18}},"loc":{"start":{"line":86,"column":23},"end":{"line":88,"column":9}},"line":86},"3":{"name":"(anonymous_3)","decl":{"start":{"line":106,"column":31},"end":{"line":106,"column":32}},"loc":{"start":{"line":106,"column":37},"end":{"line":108,"column":15}},"line":106},"4":{"name":"(anonymous_4)","decl":{"start":{"line":117,"column":31},"end":{"line":117,"column":32}},"loc":{"start":{"line":117,"column":37},"end":{"line":119,"column":15}},"line":117},"5":{"name":"(anonymous_5)","decl":{"start":{"line":123,"column":27},"end":{"line":123,"column":28}},"loc":{"start":{"line":123,"column":33},"end":{"line":125,"column":11}},"line":123},"6":{"name":"(anonymous_6)","decl":{"start":{"line":130,"column":37},"end":{"line":130,"column":38}},"loc":{"start":{"line":130,"column":43},"end":{"line":130,"column":45}},"line":130},"7":{"name":"(anonymous_7)","decl":{"start":{"line":133,"column":42},"end":{"line":133,"column":43}},"loc":{"start":{"line":133,"column":48},"end":{"line":133,"column":77}},"line":133}},"branchMap":{"0":{"loc":{"start":{"line":64,"column":6},"end":{"line":70,"column":7}},"type":"if","locations":[{"start":{"line":64,"column":6},"end":{"line":70,"column":7}},{"start":{"line":64,"column":6},"end":{"line":70,"column":7}}],"line":64},"1":{"loc":{"start":{"line":81,"column":16},"end":{"line":81,"column":61}},"type":"cond-expr","locations":[{"start":{"line":81,"column":40},"end":{"line":81,"column":49}},{"start":{"line":81,"column":52},"end":{"line":81,"column":61}}],"line":81}},"s":{"0":1,"1":1,"2":1,"3":1,"4":1,"5":1,"6":0,"7":0,"8":0,"9":0,"10":0,"11":0,"12":0,"13":0,"14":0,"15":0,"16":1,"17":0,"18":0,"19":0,"20":0,"21":0},"f":{"0":1,"1":0,"2":0,"3":0,"4":0,"5":0,"6":0,"7":0},"b":{"0":[0,0],"1":[1,0]},"_coverageSchema":"1a1c01bbd47fc00a2c39e90264f33305004495a9","hash":"0bdc1a2c5ac6d5669635d69791aae0f78694dd26"}
,"/mnt/52523660-50c6-49e4-a9bf-78cec8acb62e/react/goBarber/expo-gobarber/src/pages/SignUp/index.tsx": {"path":"/mnt/52523660-50c6-49e4-a9bf-78cec8acb62e/react/goBarber/expo-gobarber/src/pages/SignUp/index.tsx","statementMap":{"0":{"start":{"line":36,"column":40},"end":{"line":164,"column":1}},"1":{"start":{"line":37,"column":18},"end":{"line":37,"column":43}},"2":{"start":{"line":38,"column":24},"end":{"line":38,"column":47}},"3":{"start":{"line":39,"column":27},"end":{"line":39,"column":50}},"4":{"start":{"line":41,"column":32},"end":{"line":41,"column":47}},"5":{"start":{"line":43,"column":21},"end":{"line":43,"column":36}},"6":{"start":{"line":45,"column":23},"end":{"line":88,"column":3}},"7":{"start":{"line":47,"column":6},"end":{"line":85,"column":7}},"8":{"start":{"line":48,"column":8},"end":{"line":48,"column":25}},"9":{"start":{"line":50,"column":8},"end":{"line":50,"column":39}},"10":{"start":{"line":51,"column":23},"end":{"line":57,"column":10}},"11":{"start":{"line":59,"column":8},"end":{"line":61,"column":11}},"12":{"start":{"line":63,"column":8},"end":{"line":63,"column":39}},"13":{"start":{"line":65,"column":8},"end":{"line":68,"column":10}},"14":{"start":{"line":70,"column":8},"end":{"line":70,"column":28}},"15":{"start":{"line":72,"column":8},"end":{"line":72,"column":26}},"16":{"start":{"line":74,"column":8},"end":{"line":78,"column":9}},"17":{"start":{"line":75,"column":25},"end":{"line":75,"column":51}},"18":{"start":{"line":77,"column":10},"end":{"line":77,"column":45}},"19":{"start":{"line":80,"column":8},"end":{"line":83,"column":10}},"20":{"start":{"line":90,"column":2},"end":{"line":163,"column":4}},"21":{"start":{"line":100,"column":12},"end":{"line":100,"column":31}},"22":{"start":{"line":118,"column":18},"end":{"line":118,"column":49}},"23":{"start":{"line":130,"column":18},"end":{"line":130,"column":52}},"24":{"start":{"line":139,"column":18},"end":{"line":139,"column":48}},"25":{"start":{"line":148,"column":29},"end":{"line":148,"column":58}},"26":{"start":{"line":152,"column":43},"end":{"line":152,"column":62}}},"fnMap":{"0":{"name":"(anonymous_0)","decl":{"start":{"line":36,"column":40},"end":{"line":36,"column":41}},"loc":{"start":{"line":36,"column":46},"end":{"line":164,"column":1}},"line":36},"1":{"name":"(anonymous_1)","decl":{"start":{"line":46,"column":4},"end":{"line":46,"column":5}},"loc":{"start":{"line":46,"column":36},"end":{"line":86,"column":5}},"line":46},"2":{"name":"(anonymous_2)","decl":{"start":{"line":99,"column":19},"end":{"line":99,"column":20}},"loc":{"start":{"line":99,"column":25},"end":{"line":101,"column":11}},"line":99},"3":{"name":"(anonymous_3)","decl":{"start":{"line":117,"column":33},"end":{"line":117,"column":34}},"loc":{"start":{"line":117,"column":39},"end":{"line":119,"column":17}},"line":117},"4":{"name":"(anonymous_4)","decl":{"start":{"line":129,"column":33},"end":{"line":129,"column":34}},"loc":{"start":{"line":129,"column":39},"end":{"line":131,"column":17}},"line":129},"5":{"name":"(anonymous_5)","decl":{"start":{"line":138,"column":33},"end":{"line":138,"column":34}},"loc":{"start":{"line":138,"column":39},"end":{"line":140,"column":17}},"line":138},"6":{"name":"(anonymous_6)","decl":{"start":{"line":148,"column":23},"end":{"line":148,"column":24}},"loc":{"start":{"line":148,"column":29},"end":{"line":148,"column":58}},"line":148},"7":{"name":"(anonymous_7)","decl":{"start":{"line":152,"column":37},"end":{"line":152,"column":38}},"loc":{"start":{"line":152,"column":43},"end":{"line":152,"column":62}},"line":152}},"branchMap":{"0":{"loc":{"start":{"line":74,"column":8},"end":{"line":78,"column":9}},"type":"if","locations":[{"start":{"line":74,"column":8},"end":{"line":78,"column":9}},{"start":{"line":74,"column":8},"end":{"line":78,"column":9}}],"line":74},"1":{"loc":{"start":{"line":92,"column":5},"end":{"line":161,"column":5}},"type":"cond-expr","locations":[{"start":{"line":92,"column":15},"end":{"line":92,"column":26}},{"start":{"line":93,"column":6},"end":{"line":160,"column":29}}],"line":92},"2":{"loc":{"start":{"line":94,"column":18},"end":{"line":94,"column":63}},"type":"cond-expr","locations":[{"start":{"line":94,"column":42},"end":{"line":94,"column":51}},{"start":{"line":94,"column":54},"end":{"line":94,"column":63}}],"line":94}},"s":{"0":0,"1":0,"2":0,"3":0,"4":0,"5":0,"6":0,"7":0,"8":0,"9":0,"10":0,"11":0,"12":0,"13":0,"14":0,"15":0,"16":0,"17":0,"18":0,"19":0,"20":0,"21":0,"22":0,"23":0,"24":0,"25":0,"26":0},"f":{"0":0,"1":0,"2":0,"3":0,"4":0,"5":0,"6":0,"7":0},"b":{"0":[0,0],"1":[0,0],"2":[0,0]}}
}
