TN:
SF:src/components/Button/index.tsx
FN:10,(anonymous_0)
FNF:1
FNH:1
FNDA:1,(anonymous_0)
DA:10,1
DA:12,1
LF:2
LH:2
BRF:0
BRH:0
end_of_record
TN:
SF:src/components/Input/index.tsx
FN:28,(anonymous_0)
FN:40,(anonymous_1)
FN:44,(anonymous_2)
FN:50,(anonymous_3)
FN:51,(anonymous_4)
FN:56,(anonymous_5)
FN:61,(anonymous_6)
FN:65,(anonymous_7)
FN:87,(anonymous_8)
FNF:9
FNH:3
FNDA:2,(anonymous_0)
FNDA:0,(anonymous_1)
FNDA:0,(anonymous_2)
FNDA:1,(anonymous_3)
FNDA:0,(anonymous_4)
FNDA:2,(anonymous_5)
FNDA:0,(anonymous_6)
FNDA:0,(anonymous_7)
FNDA:0,(anonymous_8)
DA:28,1
DA:32,2
DA:34,2
DA:35,2
DA:37,2
DA:38,2
DA:40,2
DA:41,0
DA:44,2
DA:45,0
DA:47,0
DA:50,2
DA:52,0
DA:56,2
DA:57,2
DA:62,0
DA:63,0
DA:66,0
DA:67,0
DA:72,2
DA:88,0
LF:21
LH:12
BRDA:29,0,0,2
BRDA:34,1,0,2
BRDA:78,2,0,0
BRDA:78,2,1,2
BRDA:78,3,0,2
BRDA:78,3,1,2
BRF:6
BRH:5
end_of_record
TN:
SF:src/components/Loading/index.tsx
FN:4,(anonymous_0)
FNF:1
FNH:0
FNDA:0,(anonymous_0)
DA:4,0
DA:5,0
LF:2
LH:0
BRF:0
BRH:0
end_of_record
TN:
SF:src/hooks/Auth.tsx
FN:32,(anonymous_0)
FN:36,(anonymous_1)
FN:37,loadStoragedData
FN:53,(anonymous_3)
FN:71,(anonymous_4)
FN:78,(anonymous_5)
FN:98,useAuth
FNF:7
FNH:1
FNDA:0,(anonymous_0)
FNDA:0,(anonymous_1)
FNDA:0,loadStoragedData
FNDA:0,(anonymous_3)
FNDA:0,(anonymous_4)
FNDA:0,(anonymous_5)
FNDA:1,useAuth
DA:30,1
DA:32,1
DA:33,0
DA:34,0
DA:36,0
DA:38,0
DA:40,0
DA:41,0
DA:44,0
DA:47,0
DA:50,0
DA:53,0
DA:54,0
DA:59,0
DA:61,0
DA:66,0
DA:68,0
DA:71,0
DA:72,0
DA:74,0
DA:77,0
DA:79,0
DA:81,0
DA:89,0
DA:99,1
DA:101,1
DA:102,0
DA:105,1
LF:28
LH:5
BRDA:40,0,0,0
BRDA:40,0,1,0
BRDA:40,1,0,0
BRDA:40,1,1,0
BRDA:101,2,0,0
BRDA:101,2,1,1
BRF:6
BRH:1
end_of_record
TN:
SF:src/pages/AppointmentCreated/index.tsx
FN:19,(anonymous_0)
FN:25,(anonymous_1)
FN:32,(anonymous_2)
FNF:3
FNH:0
FNDA:0,(anonymous_0)
FNDA:0,(anonymous_1)
FNDA:0,(anonymous_2)
DA:19,0
DA:20,0
DA:21,0
DA:23,0
DA:25,0
DA:26,0
DA:32,0
DA:33,0
DA:39,0
LF:9
LH:0
BRF:0
BRH:0
end_of_record
TN:
SF:src/pages/CreateAppointment/index.tsx
FN:51,(anonymous_0)
FN:68,(anonymous_1)
FN:72,(anonymous_2)
FN:77,(anonymous_3)
FN:85,(anonymous_4)
FN:90,(anonymous_5)
FN:94,(anonymous_6)
FN:98,(anonymous_7)
FN:99,(anonymous_8)
FN:102,(anonymous_9)
FN:112,(anonymous_10)
FN:116,(anonymous_11)
FN:137,(anonymous_12)
FN:139,(anonymous_13)
FN:140,(anonymous_14)
FN:149,(anonymous_15)
FN:151,(anonymous_16)
FN:152,(anonymous_17)
FN:180,(anonymous_18)
FN:181,(anonymous_19)
FN:183,(anonymous_20)
FN:223,(anonymous_21)
FN:229,(anonymous_22)
FN:245,(anonymous_23)
FN:251,(anonymous_24)
FNF:25
FNH:0
FNDA:0,(anonymous_0)
FNDA:0,(anonymous_1)
FNDA:0,(anonymous_2)
FNDA:0,(anonymous_3)
FNDA:0,(anonymous_4)
FNDA:0,(anonymous_5)
FNDA:0,(anonymous_6)
FNDA:0,(anonymous_7)
FNDA:0,(anonymous_8)
FNDA:0,(anonymous_9)
FNDA:0,(anonymous_10)
FNDA:0,(anonymous_11)
FNDA:0,(anonymous_12)
FNDA:0,(anonymous_13)
FNDA:0,(anonymous_14)
FNDA:0,(anonymous_15)
FNDA:0,(anonymous_16)
FNDA:0,(anonymous_17)
FNDA:0,(anonymous_18)
FNDA:0,(anonymous_19)
FNDA:0,(anonymous_20)
FNDA:0,(anonymous_21)
FNDA:0,(anonymous_22)
FNDA:0,(anonymous_23)
FNDA:0,(anonymous_24)
DA:51,0
DA:52,0
DA:53,0
DA:54,0
DA:56,0
DA:57,0
DA:58,0
DA:59,0
DA:60,0
DA:61,0
DA:62,0
DA:66,0
DA:68,0
DA:69,0
DA:71,0
DA:73,0
DA:77,0
DA:78,0
DA:86,0
DA:90,0
DA:91,0
DA:94,0
DA:95,0
DA:98,0
DA:99,0
DA:102,0
DA:103,0
DA:104,0
DA:107,0
DA:108,0
DA:112,0
DA:113,0
DA:116,0
DA:117,0
DA:118,0
DA:120,0
DA:121,0
DA:123,0
DA:128,0
DA:130,0
DA:137,0
DA:138,0
DA:139,0
DA:141,0
DA:149,0
DA:150,0
DA:151,0
DA:153,0
DA:161,0
DA:180,0
DA:182,0
DA:183,0
DA:224,0
DA:229,0
DA:246,0
DA:251,0
LF:56
LH:0
BRDA:103,0,0,0
BRDA:103,0,1,0
BRDA:107,1,0,0
BRDA:107,1,1,0
BRDA:186,2,0,0
BRDA:186,2,1,0
BRDA:205,3,0,0
BRDA:205,3,1,0
BRF:8
BRH:0
end_of_record
TN:
SF:src/pages/Dashboard/index.tsx
FN:31,(anonymous_0)
FN:39,(anonymous_1)
FN:41,(anonymous_2)
FN:48,(anonymous_3)
FN:52,(anonymous_4)
FN:75,(anonymous_5)
FN:79,(anonymous_6)
FN:80,(anonymous_7)
FNF:8
FNH:0
FNDA:0,(anonymous_0)
FNDA:0,(anonymous_1)
FNDA:0,(anonymous_2)
FNDA:0,(anonymous_3)
FNDA:0,(anonymous_4)
FNDA:0,(anonymous_5)
FNDA:0,(anonymous_6)
FNDA:0,(anonymous_7)
DA:31,0
DA:32,0
DA:34,0
DA:36,0
DA:37,0
DA:39,0
DA:40,0
DA:42,0
DA:48,0
DA:49,0
DA:52,0
DA:53,0
DA:56,0
DA:75,0
DA:80,0
LF:15
LH:0
BRDA:69,0,0,0
BRDA:69,0,1,0
BRDA:81,1,0,0
BRDA:81,1,1,0
BRF:4
BRH:0
end_of_record
TN:
SF:src/pages/Profile/index.tsx
FN:41,(anonymous_0)
FN:56,(anonymous_1)
FN:57,(anonymous_2)
FN:61,(anonymous_3)
FN:71,(anonymous_4)
FN:77,(anonymous_5)
FN:134,(anonymous_6)
FN:165,(anonymous_7)
FN:176,(anonymous_8)
FN:211,(anonymous_9)
FN:223,(anonymous_10)
FN:234,(anonymous_11)
FN:248,(anonymous_12)
FN:261,(anonymous_13)
FN:271,(anonymous_14)
FNF:15
FNH:0
FNDA:0,(anonymous_0)
FNDA:0,(anonymous_1)
FNDA:0,(anonymous_2)
FNDA:0,(anonymous_3)
FNDA:0,(anonymous_4)
FNDA:0,(anonymous_5)
FNDA:0,(anonymous_6)
FNDA:0,(anonymous_7)
FNDA:0,(anonymous_8)
FNDA:0,(anonymous_9)
FNDA:0,(anonymous_10)
FNDA:0,(anonymous_11)
FNDA:0,(anonymous_12)
FNDA:0,(anonymous_13)
FNDA:0,(anonymous_14)
DA:41,0
DA:42,0
DA:44,0
DA:45,0
DA:46,0
DA:47,0
DA:48,0
DA:50,0
DA:52,0
DA:54,0
DA:56,0
DA:57,0
DA:60,0
DA:62,0
DA:63,0
DA:64,0
DA:71,0
DA:77,0
DA:84,0
DA:94,0
DA:96,0
DA:108,0
DA:110,0
DA:112,0
DA:116,0
DA:118,0
DA:119,0
DA:121,0
DA:124,0
DA:134,0
DA:135,0
DA:137,0
DA:138,0
DA:139,0
DA:142,0
DA:144,0
DA:146,0
DA:147,0
DA:150,0
DA:152,0
DA:158,0
DA:160,0
DA:162,0
DA:165,0
DA:166,0
DA:169,0
DA:177,0
DA:212,0
DA:224,0
DA:235,0
DA:249,0
DA:262,0
DA:271,0
LF:53
LH:0
BRDA:99,0,0,0
BRDA:99,0,1,0
BRDA:118,1,0,0
BRDA:118,1,1,0
BRDA:137,2,0,0
BRDA:137,2,1,0
BRDA:146,3,0,0
BRDA:146,3,1,0
BRDA:171,4,0,0
BRDA:171,4,1,0
BRDA:187,5,0,0
BRDA:187,5,1,0
BRDA:190,6,0,0
BRDA:190,6,1,0
BRF:14
BRH:0
end_of_record
TN:
SF:src/pages/SignIn/index.tsx
FN:37,(anonymous_0)
FN:44,(anonymous_1)
FN:86,(anonymous_2)
FN:106,(anonymous_3)
FN:117,(anonymous_4)
FN:123,(anonymous_5)
FN:130,(anonymous_6)
FN:133,(anonymous_7)
FNF:8
FNH:1
FNDA:1,(anonymous_0)
FNDA:0,(anonymous_1)
FNDA:0,(anonymous_2)
FNDA:0,(anonymous_3)
FNDA:0,(anonymous_4)
FNDA:0,(anonymous_5)
FNDA:0,(anonymous_6)
FNDA:0,(anonymous_7)
DA:37,1
DA:38,1
DA:39,1
DA:40,1
DA:42,1
DA:44,1
DA:45,0
DA:46,0
DA:48,0
DA:55,0
DA:59,0
DA:64,0
DA:65,0
DA:67,0
DA:69,0
DA:72,0
DA:79,1
DA:87,0
DA:107,0
DA:118,0
DA:124,0
DA:133,0
LF:22
LH:7
BRDA:64,0,0,0
BRDA:64,0,1,0
BRDA:81,1,0,1
BRDA:81,1,1,0
BRF:4
BRH:1
end_of_record
TN:
SF:src/pages/SignUp/index.tsx
FN:36,(anonymous_0)
FN:46,(anonymous_1)
FN:99,(anonymous_2)
FN:117,(anonymous_3)
FN:129,(anonymous_4)
FN:138,(anonymous_5)
FN:148,(anonymous_6)
FN:152,(anonymous_7)
FNF:8
FNH:0
FNDA:0,(anonymous_0)
FNDA:0,(anonymous_1)
FNDA:0,(anonymous_2)
FNDA:0,(anonymous_3)
FNDA:0,(anonymous_4)
FNDA:0,(anonymous_5)
FNDA:0,(anonymous_6)
FNDA:0,(anonymous_7)
DA:36,0
DA:37,0
DA:38,0
DA:39,0
DA:41,0
DA:43,0
DA:45,0
DA:47,0
DA:48,0
DA:50,0
DA:51,0
DA:59,0
DA:63,0
DA:65,0
DA:70,0
DA:72,0
DA:74,0
DA:75,0
DA:77,0
DA:80,0
DA:90,0
DA:100,0
DA:118,0
DA:130,0
DA:139,0
DA:148,0
DA:152,0
LF:27
LH:0
BRDA:74,0,0,0
BRDA:74,0,1,0
BRDA:92,1,0,0
BRDA:92,1,1,0
BRDA:94,2,0,0
BRDA:94,2,1,0
BRF:6
BRH:0
end_of_record
